(---------------------------------------------------------------------)
(                                                                     )
(    Allegro Netrev Import Logic                                      )
(                                                                     )
(    Drawing          : EX9.brd                                       )
(    Software Version : 16.6S034                                      )
(    Date/Time        : Tue Jul 16 17:42:14 2019                      )
(                                                                     )
(---------------------------------------------------------------------)


------ Directives ------------

Ripup etch:                  No
Ripup delete first segment:  No
Ripup retain bondwire:       No
Ripup symbols:               Always
Missing symbol has error:    No
DRC update:                  Yes
Schematic directory:         'C:\USERS\USER\DESKTOP\WORKSPACE\ADU\EX9\allegro'
Design Directory:            '.'
Old design name:             'C:/USERS/USER/DESKTOP/WORKSPACE/ADU/EX9/allegro/EX9.brd'
New design name:             'C:/USERS/USER/DESKTOP/WORKSPACE/ADU/EX9/allegro/EX9.brd'

CmdLine: netrev.exe -y 1 -n -i C:\USERS\USER\DESKTOP\WORKSPACE\ADU\EX9\allegro C:\USERS\USER\DESKTOP\WORKSPACE\ADU\EX9\allegro\EX9.brd C:\USERS\USER\DESKTOP\WORKSPACE\ADU\EX9\allegro\EX9.brd

------ Preparing to read pst files ------

Starting to read C:/USERS/USER/DESKTOP/WORKSPACE/ADU/EX9/allegro/pstchip.dat 
   Finished reading C:/USERS/USER/DESKTOP/WORKSPACE/ADU/EX9/allegro/pstchip.dat (00:00:00.03)
Starting to read C:/USERS/USER/DESKTOP/WORKSPACE/ADU/EX9/allegro/pstxprt.dat 
   Finished reading C:/USERS/USER/DESKTOP/WORKSPACE/ADU/EX9/allegro/pstxprt.dat (00:00:00.00)
Starting to read C:/USERS/USER/DESKTOP/WORKSPACE/ADU/EX9/allegro/pstxnet.dat 
   Finished reading C:/USERS/USER/DESKTOP/WORKSPACE/ADU/EX9/allegro/pstxnet.dat (00:00:00.00)

------ Oversights/Warnings/Errors ------


------ Library Paths ------
MODULEPATH =  . 
           c:/Users/user/Desktop/workspace/ex8/pcb/modules 

PSMPATH =  . 
           symbols 
           .. 
           ../symbols 
           c:/Users/user/Desktop/workspace/ex8/pcb/symbols 
           C:/Users/user/Downloads/vscode_orcad/cdns/cdns/share/pcb/pcb_lib/symbols 
           C:/Users/user/Downloads/vscode_orcad/cdns/cdns/share/pcb/allegrolib/symbols 
           C:/USERS/USER/DESKTOP/WORKSPACE/PCB_LIE/PSM/ 

PADPATH =  . 
           symbols 
           .. 
           ../symbols 
           c:/Users/user/Desktop/workspace/ex8/pcb/padstacks 
           C:/Users/user/Downloads/vscode_orcad/cdns/cdns/share/pcb/pcb_lib/symbols 
           C:/Users/user/Downloads/vscode_orcad/cdns/cdns/share/pcb/allegrolib/symbols 
           C:/USERS/USER/DESKTOP/WORKSPACE/PCB_LIE/psm/ 


------ Summary Statistics ------


netrev run on Jul 16 17:42:14 2019
   DESIGN NAME : 'EX9'
   PACKAGING ON Apr 28 2014 16:45:46

   COMPILE 'logic'
   CHECK_PIN_NAMES OFF
   CROSS_REFERENCE OFF
   FEEDBACK OFF
   INCREMENTAL OFF
   INTERFACE_TYPE PHYSICAL
   MAX_ERRORS 500
   MERGE_MINIMUM 5
   NET_NAME_CHARS '#%&()*+-./:=>?@[]^_`|'
   NET_NAME_LENGTH 24
   OVERSIGHTS ON
   REPLACE_CHECK OFF
   SINGLE_NODE_NETS ON
   SPLIT_MINIMUM 0
   SUPPRESS   20
   WARNINGS ON

 No error detected
 No oversight detected
 No warning detected

cpu time      0:00:34
elapsed time  0:00:00

